<?xml version="1.0" encoding="UTF-8"?>
<!-- Generated by org.testng.reporters.JUnitXMLReporter -->
<testsuite ignored="0" hostname="DESKTOP-B31IECJ" failures="1" tests="3" name="Surefire test" time="95.153" errors="0" timestamp="2024-07-24T01:31:02 IST">
  <testcase classname="io.cucumber.testng.AbstractTestNGCucumberTests" name="runScenario" time="89.109"/>
  <testcase classname="io.cucumber.testng.AbstractTestNGCucumberTests" name="runScenario" time="89.491">
    <failure type="java.lang.AssertionError" message="expected [No data] but found [Beetroot]">
      <![CDATA[java.lang.AssertionError: expected [No data] but found [Beetroot]
at stepDefinitions.OfferPageStepDefinition.Validate_product_name_in_offers_page_matches_with_the_landing_page(OfferPageStepDefinition.java:50)
at ✽.Validate product name in offers page matches with the landing page(file:///D:/rahulshettyacademy/CucumberAutomation/src/test/java/features/SearchProduct.feature:8)
... Removed 6 stack frames]]>
    </failure>
  </testcase> <!-- runScenario -->
  <testcase classname="io.cucumber.testng.AbstractTestNGCucumberTests" name="runScenario" time="92.025"/>
</testsuite> <!-- Surefire test -->
