<?xml version="1.0" encoding="UTF-8"?>
<!-- Generated by org.testng.reporters.JUnitXMLReporter -->
<testsuite ignored="0" hostname="DESKTOP-B31IECJ" failures="1" tests="2" name="Command line test" time="68.839" errors="0" timestamp="2024-07-25T02:00:35 IST">
  <testcase classname="io.cucumber.testng.AbstractTestNGCucumberTests" name="runScenario" time="62.525"/>
  <testcase classname="io.cucumber.testng.AbstractTestNGCucumberTests" name="runScenario" time="62.565">
    <failure type="java.lang.AssertionError" message="expected [No data] but found [Beetroot]">
      <![CDATA[java.lang.AssertionError: expected [No data] but found [Beetroot]
at stepDefinitions.OfferPageStepDefinition.Validate_product_name_in_offers_page_matches_with_the_landing_page(OfferPageStepDefinition.java:50)
at ✽.Validate product name in offers page matches with the landing page(file:///D:/rahulshettyacademy/CucumberAutomation/src/test/java/features/SearchProduct.feature:8)
... Removed 6 stack frames]]>
    </failure>
  </testcase> <!-- runScenario -->
</testsuite> <!-- Command line test -->
