<?xml version="1.0" encoding="UTF-8" ?>
<testsuite tests="2" failures="1" name="TestSuite" time="125.155" errors="0" skipped="0">
  <properties>
[...]
</properties>
  <testcase classname="cucumberOptions.TestNGTestRunner" name="runScenario" time="62.573"/>
  <testcase classname="cucumberOptions.TestNGTestRunner" name="runScenario" time="62.582">
    <failure message="expected [No data] but found [Beetroot]" type="java.lang.AssertionError">java.lang.AssertionError: expected [No data] but found [Beetroot]
	at org.testng.Assert.fail(Assert.java:111)
	at org.testng.Assert.failNotEquals(Assert.java:1578)
	at org.testng.Assert.assertEqualsImpl(Assert.java:150)
	at org.testng.Assert.assertEquals(Assert.java:132)
	at org.testng.Assert.assertEquals(Assert.java:656)
	at org.testng.Assert.assertEquals(Assert.java:666)
	at stepDefinitions.OfferPageStepDefinition.Validate_product_name_in_offers_page_matches_with_the_landing_page(OfferPageStepDefinition.java:50)
	at ✽.Validate product name in offers page matches with the landing page(file:///D:/rahulshettyacademy/CucumberAutomation/src/test/java/features/SearchProduct.feature:8)
</failure>
  </testcase>
</testsuite>