<?xml version="1.0" encoding="UTF-8"?>
<!-- Generated by org.testng.reporters.JUnitReportReporter -->
<testsuite hostname="DESKTOP-B31IECJ" failures="1" tests="3" name="cucumberOptions.TestNGTestRunner" time="306.243" errors="0" timestamp="2024-07-23T22:39:57 IST" skipped="0">
  <testcase classname="cucumberOptions.TestNGTestRunner" name="runScenario" time="101.413">
    <failure message="expected [No data] but found [Beetroot]" type="java.lang.AssertionError">
      <![CDATA[java.lang.AssertionError: expected [No data] but found [Beetroot]
at org.testng.Assert.fail(Assert.java:111)
at org.testng.Assert.failNotEquals(Assert.java:1578)
at org.testng.Assert.assertEqualsImpl(Assert.java:150)
at org.testng.Assert.assertEquals(Assert.java:132)
at org.testng.Assert.assertEquals(Assert.java:656)
at org.testng.Assert.assertEquals(Assert.java:666)
at stepDefinitions.OfferPageStepDefinition.Validate_product_name_in_offers_page_matches_with_the_landing_page(OfferPageStepDefinition.java:50)
at ✽.Validate product name in offers page matches with the landing page(file:///D:/rahulshettyacademy/CucumberAutomation/src/test/java/features/SearchProduct.feature:8)
]]>
    </failure>
  </testcase> <!-- runScenario -->
  <testcase classname="cucumberOptions.TestNGTestRunner" name="runScenario" time="101.412"/>
  <testcase classname="cucumberOptions.TestNGTestRunner" name="runScenario" time="103.418"/>
</testsuite> <!-- cucumberOptions.TestNGTestRunner -->
